\BOOKMARK [1][-]{section.1}{第5回授業 : 5/16 問題２}{}% 1
\BOOKMARK [2][-]{subsection.1.1}{問題文}{section.1}% 2
\BOOKMARK [2][-]{subsection.1.2}{解答}{section.1}% 3
\BOOKMARK [1][-]{section.2}{第6回授業 : 問題１}{}% 4
\BOOKMARK [2][-]{subsection.2.1}{問題文}{section.2}% 5
\BOOKMARK [2][-]{subsection.2.2}{解答}{section.2}% 6
\BOOKMARK [1][-]{section.3}{第7回授業 : 問題２}{}% 7
\BOOKMARK [2][-]{subsection.3.1}{問題文}{section.3}% 8
\BOOKMARK [2][-]{subsection.3.2}{解答}{section.3}% 9
\BOOKMARK [3][-]{subsubsection.3.2.1}{1.の解答}{subsection.3.2}% 10
\BOOKMARK [3][-]{subsubsection.3.2.2}{2.の解答}{subsection.3.2}% 11
\BOOKMARK [1][-]{section.4}{第10回授業 : 6/20 問題１}{}% 12
\BOOKMARK [2][-]{subsection.4.1}{問題文}{section.4}% 13
\BOOKMARK [2][-]{subsection.4.2}{解答}{section.4}% 14
\BOOKMARK [3][-]{subsubsection.4.2.1}{1.の解答}{subsection.4.2}% 15
\BOOKMARK [1][-]{section.5}{第11回授業 : 6/27 問題１}{}% 16
\BOOKMARK [2][-]{subsection.5.1}{問題文}{section.5}% 17
\BOOKMARK [2][-]{subsection.5.2}{解答}{section.5}% 18
\BOOKMARK [3][-]{subsubsection.5.2.1}{1.の解答}{subsection.5.2}% 19
\BOOKMARK [3][-]{subsubsection.5.2.2}{2.の解答}{subsection.5.2}% 20
